<?xml version="1.0" encoding="UTF-8"?>
<!-- Generated by org.testng.reporters.JUnitReportReporter -->
<testsuite hostname="DESKTOP-1TK4TSS" failures="0" tests="1" name="deSerializationModuleTest.DeserializationClassTest" time="0.585" errors="0" timestamp="2023-01-25T17:44:43 IST" skipped="0">
  <testcase classname="deSerializationModuleTest.DeserializationClassTest" name="deserializationMethod" time="0.585"/>
  <system-out/>
</testsuite> <!-- deSerializationModuleTest.DeserializationClassTest -->
