<?xml version="1.0" encoding="UTF-8"?>
<!-- Generated by org.testng.reporters.JUnitReportReporter -->
<testsuite hostname="DESKTOP-1TK4TSS" failures="0" tests="1" name="serializationModuleTest.ComplexSerializationTest" time="0.563" errors="0" timestamp="2023-01-25T17:13:53 IST" skipped="0">
  <testcase classname="serializationModuleTest.ComplexSerializationTest" name="serializationMethodTest" time="0.563"/>
  <system-out/>
</testsuite> <!-- serializationModuleTest.ComplexSerializationTest -->
